2025-08-30 17:05:40,935 - INFO - Starting full web scraping...
2025-08-30 17:05:40,938 - INFO - Scraping https://books.toscrape.com/
2025-08-30 17:05:40,942 - DEBUG - Starting new HTTPS connection (1): books.toscrape.com:443
2025-08-30 17:05:41,338 - DEBUG - https://books.toscrape.com:443 "GET / HTTP/1.1" 200 51294
2025-08-30 17:05:41,602 - DEBUG - Starting new HTTPS connection (1): books.toscrape.com:443
2025-08-30 17:05:41,996 - DEBUG - https://books.toscrape.com:443 "GET / HTTP/1.1" 200 51294
2025-08-30 17:05:42,263 - INFO - Scraping https://books.toscrape.com/catalogue/page-2.html
2025-08-30 17:05:42,264 - DEBUG - Starting new HTTPS connection (1): books.toscrape.com:443
2025-08-30 17:05:42,654 - DEBUG - https://books.toscrape.com:443 "GET /catalogue/page-2.html HTTP/1.1" 200 50877
2025-08-30 17:05:42,911 - DEBUG - Starting new HTTPS connection (1): books.toscrape.com:443
2025-08-30 17:05:43,334 - DEBUG - https://books.toscrape.com:443 "GET /catalogue/page-2.html HTTP/1.1" 200 50877
2025-08-30 17:05:43,598 - INFO - Scraping https://books.toscrape.com/catalogue/page-3.html
2025-08-30 17:05:43,599 - DEBUG - Starting new HTTPS connection (1): books.toscrape.com:443
2025-08-30 17:05:44,000 - DEBUG - https://books.toscrape.com:443 "GET /catalogue/page-3.html HTTP/1.1" 200 51374
2025-08-30 17:05:44,271 - DEBUG - Starting new HTTPS connection (1): books.toscrape.com:443
2025-08-30 17:05:44,680 - DEBUG - https://books.toscrape.com:443 "GET /catalogue/page-3.html HTTP/1.1" 200 51374
2025-08-30 17:05:44,943 - INFO - Scraping https://books.toscrape.com/catalogue/page-4.html
2025-08-30 17:05:44,944 - DEBUG - Starting new HTTPS connection (1): books.toscrape.com:443
2025-08-30 17:05:45,340 - DEBUG - https://books.toscrape.com:443 "GET /catalogue/page-4.html HTTP/1.1" 200 52524
2025-08-30 17:05:45,601 - DEBUG - Starting new HTTPS connection (1): books.toscrape.com:443
2025-08-30 17:05:46,007 - DEBUG - https://books.toscrape.com:443 "GET /catalogue/page-4.html HTTP/1.1" 200 52524
2025-08-30 17:05:46,272 - INFO - Scraping https://books.toscrape.com/catalogue/page-5.html
2025-08-30 17:05:46,273 - DEBUG - Starting new HTTPS connection (1): books.toscrape.com:443
2025-08-30 17:05:46,659 - DEBUG - https://books.toscrape.com:443 "GET /catalogue/page-5.html HTTP/1.1" 200 51829
2025-08-30 17:05:46,919 - DEBUG - Starting new HTTPS connection (1): books.toscrape.com:443
2025-08-30 17:05:47,315 - DEBUG - https://books.toscrape.com:443 "GET /catalogue/page-5.html HTTP/1.1" 200 51829
2025-08-30 17:05:47,579 - INFO - Scraping https://books.toscrape.com/catalogue/page-6.html
2025-08-30 17:05:47,581 - DEBUG - Starting new HTTPS connection (1): books.toscrape.com:443
2025-08-30 17:05:47,978 - DEBUG - https://books.toscrape.com:443 "GET /catalogue/page-6.html HTTP/1.1" 200 51602
2025-08-30 17:05:48,242 - DEBUG - Starting new HTTPS connection (1): books.toscrape.com:443
2025-08-30 17:05:48,638 - DEBUG - https://books.toscrape.com:443 "GET /catalogue/page-6.html HTTP/1.1" 200 51602
2025-08-30 17:05:48,901 - INFO - Scraping https://books.toscrape.com/catalogue/page-7.html
2025-08-30 17:05:48,902 - DEBUG - Starting new HTTPS connection (1): books.toscrape.com:443
2025-08-30 17:05:49,290 - DEBUG - https://books.toscrape.com:443 "GET /catalogue/page-7.html HTTP/1.1" 200 51173
2025-08-30 17:05:49,553 - DEBUG - Starting new HTTPS connection (1): books.toscrape.com:443
2025-08-30 17:05:49,964 - DEBUG - https://books.toscrape.com:443 "GET /catalogue/page-7.html HTTP/1.1" 200 51173
2025-08-30 17:05:50,274 - INFO - Scraping https://books.toscrape.com/catalogue/page-8.html
2025-08-30 17:05:50,278 - DEBUG - Starting new HTTPS connection (1): books.toscrape.com:443
2025-08-30 17:05:50,707 - DEBUG - https://books.toscrape.com:443 "GET /catalogue/page-8.html HTTP/1.1" 200 51144
2025-08-30 17:05:50,980 - DEBUG - Starting new HTTPS connection (1): books.toscrape.com:443
2025-08-30 17:05:51,384 - DEBUG - https://books.toscrape.com:443 "GET /catalogue/page-8.html HTTP/1.1" 200 51144
2025-08-30 17:05:51,649 - INFO - Scraping https://books.toscrape.com/catalogue/page-9.html
2025-08-30 17:05:51,650 - DEBUG - Starting new HTTPS connection (1): books.toscrape.com:443
2025-08-30 17:05:52,035 - DEBUG - https://books.toscrape.com:443 "GET /catalogue/page-9.html HTTP/1.1" 200 50799
2025-08-30 17:05:52,293 - DEBUG - Starting new HTTPS connection (1): books.toscrape.com:443
2025-08-30 17:05:52,693 - DEBUG - https://books.toscrape.com:443 "GET /catalogue/page-9.html HTTP/1.1" 200 50799
2025-08-30 17:05:52,956 - INFO - Scraping https://books.toscrape.com/catalogue/page-10.html
2025-08-30 17:05:52,957 - DEBUG - Starting new HTTPS connection (1): books.toscrape.com:443
2025-08-30 17:05:53,345 - DEBUG - https://books.toscrape.com:443 "GET /catalogue/page-10.html HTTP/1.1" 200 51145
2025-08-30 17:05:53,609 - DEBUG - Starting new HTTPS connection (1): books.toscrape.com:443
2025-08-30 17:05:54,001 - DEBUG - https://books.toscrape.com:443 "GET /catalogue/page-10.html HTTP/1.1" 200 51145
2025-08-30 17:05:54,260 - INFO - Scraping https://books.toscrape.com/catalogue/page-11.html
2025-08-30 17:05:54,261 - DEBUG - Starting new HTTPS connection (1): books.toscrape.com:443
2025-08-30 17:05:54,653 - DEBUG - https://books.toscrape.com:443 "GET /catalogue/page-11.html HTTP/1.1" 200 50534
2025-08-30 17:05:54,912 - DEBUG - Starting new HTTPS connection (1): books.toscrape.com:443
2025-08-30 17:05:55,302 - DEBUG - https://books.toscrape.com:443 "GET /catalogue/page-11.html HTTP/1.1" 200 50534
2025-08-30 17:05:55,562 - INFO - Scraping https://books.toscrape.com/catalogue/page-12.html
2025-08-30 17:05:55,563 - DEBUG - Starting new HTTPS connection (1): books.toscrape.com:443
2025-08-30 17:05:55,963 - DEBUG - https://books.toscrape.com:443 "GET /catalogue/page-12.html HTTP/1.1" 200 50600
2025-08-30 17:05:56,222 - DEBUG - Starting new HTTPS connection (1): books.toscrape.com:443
2025-08-30 17:05:56,626 - DEBUG - https://books.toscrape.com:443 "GET /catalogue/page-12.html HTTP/1.1" 200 50600
2025-08-30 17:05:56,894 - INFO - Scraping https://books.toscrape.com/catalogue/page-13.html
2025-08-30 17:05:56,895 - DEBUG - Starting new HTTPS connection (1): books.toscrape.com:443
2025-08-30 17:05:57,297 - DEBUG - https://books.toscrape.com:443 "GET /catalogue/page-13.html HTTP/1.1" 200 51024
2025-08-30 17:05:57,562 - DEBUG - Starting new HTTPS connection (1): books.toscrape.com:443
2025-08-30 17:05:57,957 - DEBUG - https://books.toscrape.com:443 "GET /catalogue/page-13.html HTTP/1.1" 200 51024
2025-08-30 17:05:58,219 - INFO - Scraping https://books.toscrape.com/catalogue/page-14.html
2025-08-30 17:05:58,220 - DEBUG - Starting new HTTPS connection (1): books.toscrape.com:443
2025-08-30 17:05:58,625 - DEBUG - https://books.toscrape.com:443 "GET /catalogue/page-14.html HTTP/1.1" 200 50778
2025-08-30 17:05:58,893 - DEBUG - Starting new HTTPS connection (1): books.toscrape.com:443
2025-08-30 17:05:59,303 - DEBUG - https://books.toscrape.com:443 "GET /catalogue/page-14.html HTTP/1.1" 200 50778
2025-08-30 17:05:59,574 - INFO - Scraping https://books.toscrape.com/catalogue/page-15.html
2025-08-30 17:05:59,575 - DEBUG - Starting new HTTPS connection (1): books.toscrape.com:443
2025-08-30 17:06:00,986 - DEBUG - https://books.toscrape.com:443 "GET /catalogue/page-15.html HTTP/1.1" 200 51254
2025-08-30 17:06:01,247 - DEBUG - Starting new HTTPS connection (1): books.toscrape.com:443
2025-08-30 17:06:01,647 - DEBUG - https://books.toscrape.com:443 "GET /catalogue/page-15.html HTTP/1.1" 200 51254
2025-08-30 17:06:01,913 - INFO - Scraping https://books.toscrape.com/catalogue/page-16.html
2025-08-30 17:06:01,914 - DEBUG - Starting new HTTPS connection (1): books.toscrape.com:443
2025-08-30 17:06:02,305 - DEBUG - https://books.toscrape.com:443 "GET /catalogue/page-16.html HTTP/1.1" 200 50812
2025-08-30 17:06:02,584 - DEBUG - Starting new HTTPS connection (1): books.toscrape.com:443
2025-08-30 17:06:02,979 - DEBUG - https://books.toscrape.com:443 "GET /catalogue/page-16.html HTTP/1.1" 200 50812
2025-08-30 17:06:03,240 - INFO - Scraping https://books.toscrape.com/catalogue/page-17.html
2025-08-30 17:06:03,241 - DEBUG - Starting new HTTPS connection (1): books.toscrape.com:443
2025-08-30 17:06:03,634 - DEBUG - https://books.toscrape.com:443 "GET /catalogue/page-17.html HTTP/1.1" 200 50806
2025-08-30 17:06:03,897 - DEBUG - Starting new HTTPS connection (1): books.toscrape.com:443
2025-08-30 17:06:04,285 - DEBUG - https://books.toscrape.com:443 "GET /catalogue/page-17.html HTTP/1.1" 200 50806
2025-08-30 17:06:04,547 - INFO - Scraping https://books.toscrape.com/catalogue/page-18.html
2025-08-30 17:06:04,548 - DEBUG - Starting new HTTPS connection (1): books.toscrape.com:443
2025-08-30 17:06:04,941 - DEBUG - https://books.toscrape.com:443 "GET /catalogue/page-18.html HTTP/1.1" 200 50872
2025-08-30 17:06:05,198 - DEBUG - Starting new HTTPS connection (1): books.toscrape.com:443
2025-08-30 17:06:05,593 - DEBUG - https://books.toscrape.com:443 "GET /catalogue/page-18.html HTTP/1.1" 200 50872
2025-08-30 17:06:05,954 - INFO - Scraping https://books.toscrape.com/catalogue/page-19.html
2025-08-30 17:06:05,955 - DEBUG - Starting new HTTPS connection (1): books.toscrape.com:443
2025-08-30 17:06:06,396 - DEBUG - https://books.toscrape.com:443 "GET /catalogue/page-19.html HTTP/1.1" 200 51116
2025-08-30 17:06:06,658 - DEBUG - Starting new HTTPS connection (1): books.toscrape.com:443
2025-08-30 17:06:07,105 - DEBUG - https://books.toscrape.com:443 "GET /catalogue/page-19.html HTTP/1.1" 200 51116
2025-08-30 17:06:07,365 - INFO - Scraping https://books.toscrape.com/catalogue/page-20.html
2025-08-30 17:06:07,366 - DEBUG - Starting new HTTPS connection (1): books.toscrape.com:443
2025-08-30 17:06:07,792 - DEBUG - https://books.toscrape.com:443 "GET /catalogue/page-20.html HTTP/1.1" 200 51109
2025-08-30 17:06:08,073 - DEBUG - Starting new HTTPS connection (1): books.toscrape.com:443
2025-08-30 17:06:08,470 - DEBUG - https://books.toscrape.com:443 "GET /catalogue/page-20.html HTTP/1.1" 200 51109
2025-08-30 17:06:08,758 - INFO - Scraping https://books.toscrape.com/catalogue/page-21.html
2025-08-30 17:06:08,760 - DEBUG - Starting new HTTPS connection (1): books.toscrape.com:443
2025-08-30 17:06:09,221 - DEBUG - https://books.toscrape.com:443 "GET /catalogue/page-21.html HTTP/1.1" 200 50344
2025-08-30 17:06:09,566 - DEBUG - Starting new HTTPS connection (1): books.toscrape.com:443
2025-08-30 17:06:10,005 - DEBUG - https://books.toscrape.com:443 "GET /catalogue/page-21.html HTTP/1.1" 200 50344
2025-08-30 17:06:10,265 - INFO - Scraping https://books.toscrape.com/catalogue/page-22.html
2025-08-30 17:06:10,267 - DEBUG - Starting new HTTPS connection (1): books.toscrape.com:443
2025-08-30 17:06:10,657 - DEBUG - https://books.toscrape.com:443 "GET /catalogue/page-22.html HTTP/1.1" 200 50674
2025-08-30 17:06:10,914 - DEBUG - Starting new HTTPS connection (1): books.toscrape.com:443
2025-08-30 17:06:11,327 - DEBUG - https://books.toscrape.com:443 "GET /catalogue/page-22.html HTTP/1.1" 200 50674
2025-08-30 17:06:11,595 - INFO - Scraping https://books.toscrape.com/catalogue/page-23.html
2025-08-30 17:06:11,597 - DEBUG - Starting new HTTPS connection (1): books.toscrape.com:443
2025-08-30 17:06:12,017 - DEBUG - https://books.toscrape.com:443 "GET /catalogue/page-23.html HTTP/1.1" 200 51558
2025-08-30 17:06:12,279 - DEBUG - Starting new HTTPS connection (1): books.toscrape.com:443
2025-08-30 17:06:12,664 - DEBUG - https://books.toscrape.com:443 "GET /catalogue/page-23.html HTTP/1.1" 200 51558
2025-08-30 17:06:12,924 - INFO - Scraping https://books.toscrape.com/catalogue/page-24.html
2025-08-30 17:06:12,925 - DEBUG - Starting new HTTPS connection (1): books.toscrape.com:443
2025-08-30 17:06:13,309 - DEBUG - https://books.toscrape.com:443 "GET /catalogue/page-24.html HTTP/1.1" 200 50672
2025-08-30 17:06:13,569 - DEBUG - Starting new HTTPS connection (1): books.toscrape.com:443
2025-08-30 17:06:13,966 - DEBUG - https://books.toscrape.com:443 "GET /catalogue/page-24.html HTTP/1.1" 200 50672
2025-08-30 17:06:14,226 - INFO - Scraping https://books.toscrape.com/catalogue/page-25.html
2025-08-30 17:06:14,228 - DEBUG - Starting new HTTPS connection (1): books.toscrape.com:443
2025-08-30 17:06:14,628 - DEBUG - https://books.toscrape.com:443 "GET /catalogue/page-25.html HTTP/1.1" 200 51981
2025-08-30 17:06:14,893 - DEBUG - Starting new HTTPS connection (1): books.toscrape.com:443
2025-08-30 17:06:15,298 - DEBUG - https://books.toscrape.com:443 "GET /catalogue/page-25.html HTTP/1.1" 200 51981
2025-08-30 17:06:15,559 - INFO - Scraping https://books.toscrape.com/catalogue/page-26.html
2025-08-30 17:06:15,560 - DEBUG - Starting new HTTPS connection (1): books.toscrape.com:443
2025-08-30 17:06:15,948 - DEBUG - https://books.toscrape.com:443 "GET /catalogue/page-26.html HTTP/1.1" 200 50512
2025-08-30 17:06:16,205 - DEBUG - Starting new HTTPS connection (1): books.toscrape.com:443
2025-08-30 17:06:16,751 - DEBUG - https://books.toscrape.com:443 "GET /catalogue/page-26.html HTTP/1.1" 200 50512
2025-08-30 17:06:17,140 - INFO - Scraping https://books.toscrape.com/catalogue/page-27.html
2025-08-30 17:06:17,141 - DEBUG - Starting new HTTPS connection (1): books.toscrape.com:443
2025-08-30 17:06:17,566 - DEBUG - https://books.toscrape.com:443 "GET /catalogue/page-27.html HTTP/1.1" 200 51098
2025-08-30 17:06:17,853 - DEBUG - Starting new HTTPS connection (1): books.toscrape.com:443
2025-08-30 17:06:18,236 - DEBUG - https://books.toscrape.com:443 "GET /catalogue/page-27.html HTTP/1.1" 200 51098
2025-08-30 17:06:18,491 - INFO - Scraping https://books.toscrape.com/catalogue/page-28.html
2025-08-30 17:06:18,492 - DEBUG - Starting new HTTPS connection (1): books.toscrape.com:443
2025-08-30 17:06:18,904 - DEBUG - https://books.toscrape.com:443 "GET /catalogue/page-28.html HTTP/1.1" 200 51441
2025-08-30 17:06:19,168 - DEBUG - Starting new HTTPS connection (1): books.toscrape.com:443
2025-08-30 17:06:19,565 - DEBUG - https://books.toscrape.com:443 "GET /catalogue/page-28.html HTTP/1.1" 200 51441
2025-08-30 17:06:19,827 - INFO - Scraping https://books.toscrape.com/catalogue/page-29.html
2025-08-30 17:06:19,828 - DEBUG - Starting new HTTPS connection (1): books.toscrape.com:443
2025-08-30 17:06:20,213 - DEBUG - https://books.toscrape.com:443 "GET /catalogue/page-29.html HTTP/1.1" 200 50263
2025-08-30 17:06:20,465 - DEBUG - Starting new HTTPS connection (1): books.toscrape.com:443
2025-08-30 17:06:20,851 - DEBUG - https://books.toscrape.com:443 "GET /catalogue/page-29.html HTTP/1.1" 200 50263
2025-08-30 17:06:21,106 - INFO - Scraping https://books.toscrape.com/catalogue/page-30.html
2025-08-30 17:06:21,107 - DEBUG - Starting new HTTPS connection (1): books.toscrape.com:443
2025-08-30 17:06:21,510 - DEBUG - https://books.toscrape.com:443 "GET /catalogue/page-30.html HTTP/1.1" 200 50600
2025-08-30 17:06:21,772 - DEBUG - Starting new HTTPS connection (1): books.toscrape.com:443
2025-08-30 17:06:22,180 - DEBUG - https://books.toscrape.com:443 "GET /catalogue/page-30.html HTTP/1.1" 200 50600
2025-08-30 17:06:22,442 - INFO - Scraping https://books.toscrape.com/catalogue/page-31.html
2025-08-30 17:06:22,443 - DEBUG - Starting new HTTPS connection (1): books.toscrape.com:443
2025-08-30 17:06:22,842 - DEBUG - https://books.toscrape.com:443 "GET /catalogue/page-31.html HTTP/1.1" 200 50478
2025-08-30 17:06:23,105 - DEBUG - Starting new HTTPS connection (1): books.toscrape.com:443
2025-08-30 17:06:23,509 - DEBUG - https://books.toscrape.com:443 "GET /catalogue/page-31.html HTTP/1.1" 200 50478
2025-08-30 17:06:23,778 - INFO - Scraping https://books.toscrape.com/catalogue/page-32.html
2025-08-30 17:06:23,779 - DEBUG - Starting new HTTPS connection (1): books.toscrape.com:443
2025-08-30 17:06:24,173 - DEBUG - https://books.toscrape.com:443 "GET /catalogue/page-32.html HTTP/1.1" 200 50631
2025-08-30 17:06:24,435 - DEBUG - Starting new HTTPS connection (1): books.toscrape.com:443
2025-08-30 17:06:24,843 - DEBUG - https://books.toscrape.com:443 "GET /catalogue/page-32.html HTTP/1.1" 200 50631
2025-08-30 17:06:25,102 - INFO - Scraping https://books.toscrape.com/catalogue/page-33.html
2025-08-30 17:06:25,103 - DEBUG - Starting new HTTPS connection (1): books.toscrape.com:443
2025-08-30 17:06:25,499 - DEBUG - https://books.toscrape.com:443 "GET /catalogue/page-33.html HTTP/1.1" 200 51318
2025-08-30 17:06:25,764 - DEBUG - Starting new HTTPS connection (1): books.toscrape.com:443
2025-08-30 17:06:26,149 - DEBUG - https://books.toscrape.com:443 "GET /catalogue/page-33.html HTTP/1.1" 200 51318
2025-08-30 17:06:26,404 - INFO - Scraping https://books.toscrape.com/catalogue/page-34.html
2025-08-30 17:06:26,405 - DEBUG - Starting new HTTPS connection (1): books.toscrape.com:443
2025-08-30 17:06:26,823 - DEBUG - https://books.toscrape.com:443 "GET /catalogue/page-34.html HTTP/1.1" 200 50846
2025-08-30 17:06:27,083 - DEBUG - Starting new HTTPS connection (1): books.toscrape.com:443
2025-08-30 17:06:27,467 - DEBUG - https://books.toscrape.com:443 "GET /catalogue/page-34.html HTTP/1.1" 200 50846
2025-08-30 17:06:27,720 - INFO - Scraping https://books.toscrape.com/catalogue/page-35.html
2025-08-30 17:06:27,722 - DEBUG - Starting new HTTPS connection (1): books.toscrape.com:443
2025-08-30 17:06:28,118 - DEBUG - https://books.toscrape.com:443 "GET /catalogue/page-35.html HTTP/1.1" 200 50549
2025-08-30 17:06:28,379 - DEBUG - Starting new HTTPS connection (1): books.toscrape.com:443
2025-08-30 17:06:28,782 - DEBUG - https://books.toscrape.com:443 "GET /catalogue/page-35.html HTTP/1.1" 200 50549
2025-08-30 17:06:29,048 - INFO - Scraping https://books.toscrape.com/catalogue/page-36.html
2025-08-30 17:06:29,049 - DEBUG - Starting new HTTPS connection (1): books.toscrape.com:443
2025-08-30 17:06:29,450 - DEBUG - https://books.toscrape.com:443 "GET /catalogue/page-36.html HTTP/1.1" 200 50701
2025-08-30 17:06:29,710 - DEBUG - Starting new HTTPS connection (1): books.toscrape.com:443
2025-08-30 17:06:30,107 - DEBUG - https://books.toscrape.com:443 "GET /catalogue/page-36.html HTTP/1.1" 200 50701
2025-08-30 17:06:30,368 - INFO - Scraping https://books.toscrape.com/catalogue/page-37.html
2025-08-30 17:06:30,369 - DEBUG - Starting new HTTPS connection (1): books.toscrape.com:443
2025-08-30 17:06:30,753 - DEBUG - https://books.toscrape.com:443 "GET /catalogue/page-37.html HTTP/1.1" 200 50793
2025-08-30 17:06:31,002 - DEBUG - Starting new HTTPS connection (1): books.toscrape.com:443
2025-08-30 17:06:31,392 - DEBUG - https://books.toscrape.com:443 "GET /catalogue/page-37.html HTTP/1.1" 200 50793
2025-08-30 17:06:31,649 - INFO - Scraping https://books.toscrape.com/catalogue/page-38.html
2025-08-30 17:06:31,650 - DEBUG - Starting new HTTPS connection (1): books.toscrape.com:443
2025-08-30 17:06:32,042 - DEBUG - https://books.toscrape.com:443 "GET /catalogue/page-38.html HTTP/1.1" 200 51639
2025-08-30 17:06:32,318 - DEBUG - Starting new HTTPS connection (1): books.toscrape.com:443
2025-08-30 17:06:32,707 - DEBUG - https://books.toscrape.com:443 "GET /catalogue/page-38.html HTTP/1.1" 200 51639
2025-08-30 17:06:32,969 - INFO - Scraping https://books.toscrape.com/catalogue/page-39.html
2025-08-30 17:06:32,970 - DEBUG - Starting new HTTPS connection (1): books.toscrape.com:443
2025-08-30 17:06:33,371 - DEBUG - https://books.toscrape.com:443 "GET /catalogue/page-39.html HTTP/1.1" 200 50913
2025-08-30 17:06:33,638 - DEBUG - Starting new HTTPS connection (1): books.toscrape.com:443
2025-08-30 17:06:34,038 - DEBUG - https://books.toscrape.com:443 "GET /catalogue/page-39.html HTTP/1.1" 200 50913
2025-08-30 17:06:34,299 - INFO - Scraping https://books.toscrape.com/catalogue/page-40.html
2025-08-30 17:06:34,300 - DEBUG - Starting new HTTPS connection (1): books.toscrape.com:443
2025-08-30 17:06:34,685 - DEBUG - https://books.toscrape.com:443 "GET /catalogue/page-40.html HTTP/1.1" 200 50516
2025-08-30 17:06:34,937 - DEBUG - Starting new HTTPS connection (1): books.toscrape.com:443
2025-08-30 17:06:35,333 - DEBUG - https://books.toscrape.com:443 "GET /catalogue/page-40.html HTTP/1.1" 200 50516
2025-08-30 17:06:35,595 - INFO - Scraping https://books.toscrape.com/catalogue/page-41.html
2025-08-30 17:06:35,596 - DEBUG - Starting new HTTPS connection (1): books.toscrape.com:443
2025-08-30 17:06:35,989 - DEBUG - https://books.toscrape.com:443 "GET /catalogue/page-41.html HTTP/1.1" 200 50615
2025-08-30 17:06:36,298 - DEBUG - Starting new HTTPS connection (1): books.toscrape.com:443
2025-08-30 17:06:36,815 - DEBUG - https://books.toscrape.com:443 "GET /catalogue/page-41.html HTTP/1.1" 200 50615
2025-08-30 17:06:37,077 - INFO - Scraping https://books.toscrape.com/catalogue/page-42.html
2025-08-30 17:06:37,078 - DEBUG - Starting new HTTPS connection (1): books.toscrape.com:443
2025-08-30 17:06:37,472 - DEBUG - https://books.toscrape.com:443 "GET /catalogue/page-42.html HTTP/1.1" 200 50726
2025-08-30 17:06:37,736 - DEBUG - Starting new HTTPS connection (1): books.toscrape.com:443
2025-08-30 17:06:38,134 - DEBUG - https://books.toscrape.com:443 "GET /catalogue/page-42.html HTTP/1.1" 200 50726
2025-08-30 17:06:38,393 - INFO - Scraping https://books.toscrape.com/catalogue/page-43.html
2025-08-30 17:06:38,395 - DEBUG - Starting new HTTPS connection (1): books.toscrape.com:443
2025-08-30 17:06:38,790 - DEBUG - https://books.toscrape.com:443 "GET /catalogue/page-43.html HTTP/1.1" 200 50139
2025-08-30 17:06:39,052 - DEBUG - Starting new HTTPS connection (1): books.toscrape.com:443
2025-08-30 17:06:39,446 - DEBUG - https://books.toscrape.com:443 "GET /catalogue/page-43.html HTTP/1.1" 200 50139
2025-08-30 17:06:39,710 - INFO - Scraping https://books.toscrape.com/catalogue/page-44.html
2025-08-30 17:06:39,711 - DEBUG - Starting new HTTPS connection (1): books.toscrape.com:443
2025-08-30 17:06:40,116 - DEBUG - https://books.toscrape.com:443 "GET /catalogue/page-44.html HTTP/1.1" 200 50142
2025-08-30 17:06:40,385 - DEBUG - Starting new HTTPS connection (1): books.toscrape.com:443
2025-08-30 17:06:40,785 - DEBUG - https://books.toscrape.com:443 "GET /catalogue/page-44.html HTTP/1.1" 200 50142
2025-08-30 17:06:41,053 - INFO - Scraping https://books.toscrape.com/catalogue/page-45.html
2025-08-30 17:06:41,054 - DEBUG - Starting new HTTPS connection (1): books.toscrape.com:443
2025-08-30 17:06:41,453 - DEBUG - https://books.toscrape.com:443 "GET /catalogue/page-45.html HTTP/1.1" 200 50242
2025-08-30 17:06:41,722 - DEBUG - Starting new HTTPS connection (1): books.toscrape.com:443
2025-08-30 17:06:42,146 - DEBUG - https://books.toscrape.com:443 "GET /catalogue/page-45.html HTTP/1.1" 200 50242
2025-08-30 17:06:42,413 - INFO - Scraping https://books.toscrape.com/catalogue/page-46.html
2025-08-30 17:06:42,415 - DEBUG - Starting new HTTPS connection (1): books.toscrape.com:443
2025-08-30 17:06:42,815 - DEBUG - https://books.toscrape.com:443 "GET /catalogue/page-46.html HTTP/1.1" 200 50424
2025-08-30 17:06:43,225 - DEBUG - Starting new HTTPS connection (1): books.toscrape.com:443
2025-08-30 17:06:43,620 - DEBUG - https://books.toscrape.com:443 "GET /catalogue/page-46.html HTTP/1.1" 200 50424
2025-08-30 17:06:43,891 - INFO - Scraping https://books.toscrape.com/catalogue/page-47.html
2025-08-30 17:06:43,892 - DEBUG - Starting new HTTPS connection (1): books.toscrape.com:443
2025-08-30 17:06:44,311 - DEBUG - https://books.toscrape.com:443 "GET /catalogue/page-47.html HTTP/1.1" 200 50088
2025-08-30 17:06:44,586 - DEBUG - Starting new HTTPS connection (1): books.toscrape.com:443
2025-08-30 17:06:44,979 - DEBUG - https://books.toscrape.com:443 "GET /catalogue/page-47.html HTTP/1.1" 200 50088
2025-08-30 17:06:45,242 - INFO - Scraping https://books.toscrape.com/catalogue/page-48.html
2025-08-30 17:06:45,243 - DEBUG - Starting new HTTPS connection (1): books.toscrape.com:443
2025-08-30 17:06:45,633 - DEBUG - https://books.toscrape.com:443 "GET /catalogue/page-48.html HTTP/1.1" 200 50056
2025-08-30 17:06:45,891 - DEBUG - Starting new HTTPS connection (1): books.toscrape.com:443
2025-08-30 17:06:46,287 - DEBUG - https://books.toscrape.com:443 "GET /catalogue/page-48.html HTTP/1.1" 200 50056
2025-08-30 17:06:46,554 - INFO - Scraping https://books.toscrape.com/catalogue/page-49.html
2025-08-30 17:06:46,555 - DEBUG - Starting new HTTPS connection (1): books.toscrape.com:443
2025-08-30 17:06:46,959 - DEBUG - https://books.toscrape.com:443 "GET /catalogue/page-49.html HTTP/1.1" 200 49909
2025-08-30 17:06:47,217 - DEBUG - Starting new HTTPS connection (1): books.toscrape.com:443
2025-08-30 17:06:47,602 - DEBUG - https://books.toscrape.com:443 "GET /catalogue/page-49.html HTTP/1.1" 200 49909
2025-08-30 17:06:48,295 - INFO - Scraping https://books.toscrape.com/catalogue/page-50.html
2025-08-30 17:06:48,296 - DEBUG - Starting new HTTPS connection (1): books.toscrape.com:443
2025-08-30 17:06:48,681 - DEBUG - https://books.toscrape.com:443 "GET /catalogue/page-50.html HTTP/1.1" 200 50427
2025-08-30 17:06:48,937 - DEBUG - Starting new HTTPS connection (1): books.toscrape.com:443
2025-08-30 17:06:49,336 - DEBUG - https://books.toscrape.com:443 "GET /catalogue/page-50.html HTTP/1.1" 200 50427
2025-08-30 17:06:49,604 - INFO - Finished scraping 1000 books
2025-08-30 17:06:49,604 - INFO - End of web scraper
